0 info it worked if it ends with ok
1 verbose cli [ '/Users/caihuanyu/.nvm/versions/io.js/v1.4.3/bin/iojs',
1 verbose cli   '/Users/caihuanyu/.nvm/versions/io.js/v1.4.3/bin/npm',
1 verbose cli   'version',
1 verbose cli   'prerelease',
1 verbose cli   '-m',
1 verbose cli   '增加对测试环境的支持' ]
2 info using npm@2.6.1
3 info using node@v1.4.3
4 info git [ 'status', '--porcelain' ]
5 verbose stack Error: Git working directory not clean.
5 verbose stack M index.js
5 verbose stack     at /Users/caihuanyu/.nvm/versions/io.js/v1.4.3/lib/node_modules/npm/lib/version.js:138:37
5 verbose stack     at ChildProcess.exithandler (child_process.js:707:7)
5 verbose stack     at emitTwo (events.js:87:13)
5 verbose stack     at ChildProcess.emit (events.js:169:7)
5 verbose stack     at maybeClose (child_process.js:984:16)
5 verbose stack     at Socket.<anonymous> (child_process.js:1153:11)
5 verbose stack     at emitOne (events.js:77:13)
5 verbose stack     at Socket.emit (events.js:166:7)
5 verbose stack     at Pipe.close (net.js:464:12)
6 verbose cwd /Users/caihuanyu/Workspace/Tyrion
7 error Darwin 14.1.0
8 error argv "/Users/caihuanyu/.nvm/versions/io.js/v1.4.3/bin/iojs" "/Users/caihuanyu/.nvm/versions/io.js/v1.4.3/bin/npm" "version" "prerelease" "-m" "增加对测试环境的支持"
9 error node v1.4.3
10 error npm  v2.6.1
11 error Git working directory not clean.
11 error M index.js
12 error If you need help, you may report this error at:
12 error     <http://github.com/npm/npm/issues>
13 verbose exit [ 1, true ]
